{"/Users/user/Documents/Formation DW/Projet 5 - Construisez un site e-commerce/Orinoco/js/functions.js": {"path":"/Users/user/Documents/Formation DW/Projet 5 - Construisez un site e-commerce/Orinoco/js/functions.js","statementMap":{"0":{"start":{"line":4,"column":4},"end":{"line":10,"column":7}},"1":{"start":{"line":5,"column":26},"end":{"line":5,"column":46}},"2":{"start":{"line":6,"column":8},"end":{"line":6,"column":35}},"3":{"start":{"line":7,"column":8},"end":{"line":7,"column":77}},"4":{"start":{"line":7,"column":33},"end":{"line":7,"column":76}},"5":{"start":{"line":8,"column":8},"end":{"line":8,"column":75}},"6":{"start":{"line":8,"column":34},"end":{"line":8,"column":74}},"7":{"start":{"line":9,"column":8},"end":{"line":9,"column":25}},"8":{"start":{"line":16,"column":4},"end":{"line":23,"column":7}},"9":{"start":{"line":17,"column":26},"end":{"line":17,"column":46}},"10":{"start":{"line":18,"column":8},"end":{"line":18,"column":47}},"11":{"start":{"line":19,"column":8},"end":{"line":19,"column":71}},"12":{"start":{"line":20,"column":8},"end":{"line":20,"column":76}},"13":{"start":{"line":20,"column":33},"end":{"line":20,"column":76}},"14":{"start":{"line":21,"column":8},"end":{"line":21,"column":75}},"15":{"start":{"line":21,"column":34},"end":{"line":21,"column":74}},"16":{"start":{"line":22,"column":8},"end":{"line":22,"column":53}},"17":{"start":{"line":29,"column":4},"end":{"line":44,"column":5}},"18":{"start":{"line":30,"column":23},"end":{"line":30,"column":74}},"19":{"start":{"line":31,"column":8},"end":{"line":40,"column":9}},"20":{"start":{"line":32,"column":29},"end":{"line":32,"column":161}},"21":{"start":{"line":34,"column":12},"end":{"line":34,"column":33}},"22":{"start":{"line":35,"column":12},"end":{"line":35,"column":31}},"23":{"start":{"line":36,"column":12},"end":{"line":36,"column":39}},"24":{"start":{"line":37,"column":12},"end":{"line":37,"column":37}},"25":{"start":{"line":38,"column":12},"end":{"line":38,"column":44}},"26":{"start":{"line":39,"column":12},"end":{"line":39,"column":38}},"27":{"start":{"line":41,"column":8},"end":{"line":41,"column":28}},"28":{"start":{"line":43,"column":8},"end":{"line":43,"column":29}},"29":{"start":{"line":50,"column":4},"end":{"line":86,"column":5}},"30":{"start":{"line":51,"column":23},"end":{"line":51,"column":86}},"31":{"start":{"line":54,"column":30},"end":{"line":54,"column":144}},"32":{"start":{"line":56,"column":8},"end":{"line":56,"column":32}},"33":{"start":{"line":57,"column":8},"end":{"line":57,"column":51}},"34":{"start":{"line":58,"column":8},"end":{"line":58,"column":38}},"35":{"start":{"line":59,"column":8},"end":{"line":59,"column":45}},"36":{"start":{"line":60,"column":8},"end":{"line":60,"column":39}},"37":{"start":{"line":61,"column":8},"end":{"line":61,"column":35}},"38":{"start":{"line":64,"column":8},"end":{"line":64,"column":28}},"39":{"start":{"line":67,"column":22},"end":{"line":67,"column":57}},"40":{"start":{"line":69,"column":8},"end":{"line":83,"column":11}},"41":{"start":{"line":72,"column":12},"end":{"line":72,"column":45}},"42":{"start":{"line":75,"column":12},"end":{"line":75,"column":32}},"43":{"start":{"line":77,"column":24},"end":{"line":77,"column":64}},"44":{"start":{"line":78,"column":12},"end":{"line":78,"column":55}},"45":{"start":{"line":79,"column":12},"end":{"line":79,"column":55}},"46":{"start":{"line":80,"column":12},"end":{"line":82,"column":21}},"47":{"start":{"line":81,"column":16},"end":{"line":81,"column":58}},"48":{"start":{"line":85,"column":8},"end":{"line":85,"column":27}},"49":{"start":{"line":92,"column":4},"end":{"line":105,"column":5}},"50":{"start":{"line":93,"column":25},"end":{"line":93,"column":89}},"51":{"start":{"line":96,"column":12},"end":{"line":96,"column":57}},"52":{"start":{"line":97,"column":12},"end":{"line":97,"column":66}},"53":{"start":{"line":100,"column":8},"end":{"line":100,"column":72}},"54":{"start":{"line":101,"column":8},"end":{"line":101,"column":50}},"55":{"start":{"line":104,"column":8},"end":{"line":104,"column":27}},"56":{"start":{"line":112,"column":4},"end":{"line":112,"column":21}},"57":{"start":{"line":113,"column":4},"end":{"line":113,"column":25}},"58":{"start":{"line":114,"column":4},"end":{"line":114,"column":17}},"59":{"start":{"line":115,"column":4},"end":{"line":115,"column":23}},"60":{"start":{"line":116,"column":4},"end":{"line":116,"column":35}},"61":{"start":{"line":117,"column":4},"end":{"line":117,"column":29}},"62":{"start":{"line":120,"column":21},"end":{"line":120,"column":59}},"63":{"start":{"line":121,"column":21},"end":{"line":121,"column":49}},"64":{"start":{"line":122,"column":21},"end":{"line":122,"column":48}},"65":{"start":{"line":123,"column":24},"end":{"line":123,"column":53}},"66":{"start":{"line":126,"column":25},"end":{"line":126,"column":67}},"67":{"start":{"line":127,"column":31},"end":{"line":127,"column":79}},"68":{"start":{"line":128,"column":28},"end":{"line":128,"column":73}},"69":{"start":{"line":129,"column":40},"end":{"line":129,"column":88}},"70":{"start":{"line":131,"column":4},"end":{"line":142,"column":5}},"71":{"start":{"line":133,"column":8},"end":{"line":133,"column":49}},"72":{"start":{"line":134,"column":8},"end":{"line":134,"column":57}},"73":{"start":{"line":135,"column":8},"end":{"line":135,"column":43}},"74":{"start":{"line":139,"column":8},"end":{"line":139,"column":70}},"75":{"start":{"line":140,"column":8},"end":{"line":140,"column":54}},"76":{"start":{"line":141,"column":8},"end":{"line":141,"column":43}},"77":{"start":{"line":144,"column":4},"end":{"line":169,"column":5}},"78":{"start":{"line":145,"column":8},"end":{"line":167,"column":9}},"79":{"start":{"line":148,"column":31},"end":{"line":148,"column":60}},"80":{"start":{"line":149,"column":12},"end":{"line":149,"column":64}},"81":{"start":{"line":150,"column":12},"end":{"line":150,"column":49}},"82":{"start":{"line":153,"column":22},"end":{"line":153,"column":51}},"83":{"start":{"line":154,"column":12},"end":{"line":154,"column":51}},"84":{"start":{"line":155,"column":12},"end":{"line":155,"column":42}},"85":{"start":{"line":157,"column":14},"end":{"line":167,"column":9}},"86":{"start":{"line":159,"column":29},"end":{"line":159,"column":58}},"87":{"start":{"line":160,"column":12},"end":{"line":160,"column":66}},"88":{"start":{"line":161,"column":12},"end":{"line":161,"column":47}},"89":{"start":{"line":164,"column":22},"end":{"line":164,"column":51}},"90":{"start":{"line":165,"column":12},"end":{"line":165,"column":56}},"91":{"start":{"line":166,"column":12},"end":{"line":166,"column":36}},"92":{"start":{"line":171,"column":4},"end":{"line":175,"column":5}},"93":{"start":{"line":173,"column":8},"end":{"line":173,"column":62}},"94":{"start":{"line":174,"column":8},"end":{"line":174,"column":46}},"95":{"start":{"line":177,"column":4},"end":{"line":193,"column":5}},"96":{"start":{"line":178,"column":8},"end":{"line":191,"column":9}},"97":{"start":{"line":180,"column":30},"end":{"line":180,"column":58}},"98":{"start":{"line":181,"column":12},"end":{"line":181,"column":69}},"99":{"start":{"line":182,"column":12},"end":{"line":182,"column":48}},"100":{"start":{"line":183,"column":12},"end":{"line":183,"column":51}},"101":{"start":{"line":185,"column":14},"end":{"line":191,"column":9}},"102":{"start":{"line":187,"column":23},"end":{"line":187,"column":53}},"103":{"start":{"line":188,"column":12},"end":{"line":188,"column":62}},"104":{"start":{"line":189,"column":12},"end":{"line":189,"column":39}},"105":{"start":{"line":190,"column":12},"end":{"line":190,"column":73}},"106":{"start":{"line":195,"column":4},"end":{"line":211,"column":5}},"107":{"start":{"line":196,"column":8},"end":{"line":209,"column":9}},"108":{"start":{"line":198,"column":37},"end":{"line":198,"column":64}},"109":{"start":{"line":199,"column":12},"end":{"line":199,"column":83}},"110":{"start":{"line":200,"column":12},"end":{"line":200,"column":62}},"111":{"start":{"line":201,"column":12},"end":{"line":201,"column":58}},"112":{"start":{"line":203,"column":14},"end":{"line":209,"column":9}},"113":{"start":{"line":205,"column":30},"end":{"line":205,"column":57}},"114":{"start":{"line":206,"column":12},"end":{"line":206,"column":76}},"115":{"start":{"line":207,"column":12},"end":{"line":207,"column":53}},"116":{"start":{"line":208,"column":12},"end":{"line":208,"column":80}},"117":{"start":{"line":213,"column":4},"end":{"line":227,"column":5}},"118":{"start":{"line":214,"column":8},"end":{"line":225,"column":9}},"119":{"start":{"line":216,"column":31},"end":{"line":216,"column":61}},"120":{"start":{"line":217,"column":12},"end":{"line":217,"column":66}},"121":{"start":{"line":218,"column":12},"end":{"line":218,"column":63}},"122":{"start":{"line":219,"column":12},"end":{"line":219,"column":49}},"123":{"start":{"line":221,"column":14},"end":{"line":225,"column":9}},"124":{"start":{"line":223,"column":24},"end":{"line":223,"column":64}},"125":{"start":{"line":224,"column":12},"end":{"line":224,"column":56}},"126":{"start":{"line":229,"column":4},"end":{"line":243,"column":5}},"127":{"start":{"line":230,"column":8},"end":{"line":242,"column":9}},"128":{"start":{"line":231,"column":44},"end":{"line":231,"column":65}},"129":{"start":{"line":233,"column":12},"end":{"line":237,"column":13}},"130":{"start":{"line":234,"column":16},"end":{"line":234,"column":99}},"131":{"start":{"line":236,"column":16},"end":{"line":236,"column":75}},"132":{"start":{"line":239,"column":38},"end":{"line":239,"column":70}},"133":{"start":{"line":240,"column":12},"end":{"line":240,"column":62}},"134":{"start":{"line":241,"column":12},"end":{"line":241,"column":75}},"135":{"start":{"line":245,"column":4},"end":{"line":252,"column":5}},"136":{"start":{"line":247,"column":29},"end":{"line":247,"column":56}},"137":{"start":{"line":248,"column":8},"end":{"line":248,"column":56}},"138":{"start":{"line":249,"column":8},"end":{"line":249,"column":58}},"139":{"start":{"line":250,"column":8},"end":{"line":250,"column":40}},"140":{"start":{"line":251,"column":8},"end":{"line":251,"column":51}},"141":{"start":{"line":258,"column":4},"end":{"line":258,"column":21}},"142":{"start":{"line":259,"column":4},"end":{"line":259,"column":17}},"143":{"start":{"line":260,"column":4},"end":{"line":260,"column":23}},"144":{"start":{"line":261,"column":4},"end":{"line":261,"column":29}},"145":{"start":{"line":262,"column":4},"end":{"line":262,"column":29}},"146":{"start":{"line":265,"column":4},"end":{"line":273,"column":5}},"147":{"start":{"line":267,"column":30},"end":{"line":267,"column":70}},"148":{"start":{"line":268,"column":8},"end":{"line":268,"column":44}},"149":{"start":{"line":271,"column":8},"end":{"line":271,"column":55}},"150":{"start":{"line":272,"column":8},"end":{"line":272,"column":39}},"151":{"start":{"line":275,"column":4},"end":{"line":284,"column":5}},"152":{"start":{"line":277,"column":27},"end":{"line":277,"column":56}},"153":{"start":{"line":278,"column":8},"end":{"line":278,"column":64}},"154":{"start":{"line":279,"column":8},"end":{"line":279,"column":42}},"155":{"start":{"line":281,"column":18},"end":{"line":281,"column":47}},"156":{"start":{"line":282,"column":8},"end":{"line":282,"column":52}},"157":{"start":{"line":283,"column":8},"end":{"line":283,"column":38}},"158":{"start":{"line":286,"column":4},"end":{"line":292,"column":5}},"159":{"start":{"line":288,"column":26},"end":{"line":288,"column":55}},"160":{"start":{"line":289,"column":8},"end":{"line":289,"column":64}},"161":{"start":{"line":290,"column":8},"end":{"line":290,"column":42}},"162":{"start":{"line":291,"column":8},"end":{"line":291,"column":41}},"163":{"start":{"line":294,"column":4},"end":{"line":300,"column":5}},"164":{"start":{"line":296,"column":27},"end":{"line":296,"column":56}},"165":{"start":{"line":297,"column":8},"end":{"line":297,"column":66}},"166":{"start":{"line":298,"column":8},"end":{"line":298,"column":57}},"167":{"start":{"line":299,"column":8},"end":{"line":299,"column":42}},"168":{"start":{"line":302,"column":4},"end":{"line":391,"column":5}},"169":{"start":{"line":305,"column":32},"end":{"line":305,"column":61}},"170":{"start":{"line":306,"column":8},"end":{"line":306,"column":74}},"171":{"start":{"line":307,"column":8},"end":{"line":307,"column":47}},"172":{"start":{"line":310,"column":29},"end":{"line":310,"column":59}},"173":{"start":{"line":311,"column":8},"end":{"line":311,"column":78}},"174":{"start":{"line":312,"column":8},"end":{"line":312,"column":66}},"175":{"start":{"line":313,"column":8},"end":{"line":313,"column":54}},"176":{"start":{"line":315,"column":24},"end":{"line":315,"column":53}},"177":{"start":{"line":316,"column":8},"end":{"line":316,"column":46}},"178":{"start":{"line":317,"column":8},"end":{"line":317,"column":49}},"179":{"start":{"line":320,"column":25},"end":{"line":320,"column":57}},"180":{"start":{"line":321,"column":8},"end":{"line":321,"column":48}},"181":{"start":{"line":322,"column":8},"end":{"line":322,"column":51}},"182":{"start":{"line":323,"column":8},"end":{"line":323,"column":36}},"183":{"start":{"line":324,"column":8},"end":{"line":324,"column":42}},"184":{"start":{"line":327,"column":31},"end":{"line":327,"column":63}},"185":{"start":{"line":328,"column":8},"end":{"line":328,"column":60}},"186":{"start":{"line":329,"column":8},"end":{"line":329,"column":57}},"187":{"start":{"line":330,"column":8},"end":{"line":330,"column":42}},"188":{"start":{"line":331,"column":8},"end":{"line":331,"column":48}},"189":{"start":{"line":336,"column":8},"end":{"line":353,"column":11}},"190":{"start":{"line":337,"column":25},"end":{"line":337,"column":46}},"191":{"start":{"line":338,"column":30},"end":{"line":338,"column":72}},"192":{"start":{"line":340,"column":12},"end":{"line":352,"column":13}},"193":{"start":{"line":342,"column":16},"end":{"line":342,"column":48}},"194":{"start":{"line":343,"column":16},"end":{"line":343,"column":31}},"195":{"start":{"line":344,"column":16},"end":{"line":344,"column":72}},"196":{"start":{"line":345,"column":16},"end":{"line":345,"column":74}},"197":{"start":{"line":347,"column":16},"end":{"line":347,"column":89}},"198":{"start":{"line":348,"column":16},"end":{"line":348,"column":41}},"199":{"start":{"line":351,"column":16},"end":{"line":351,"column":157}},"200":{"start":{"line":356,"column":8},"end":{"line":388,"column":11}},"201":{"start":{"line":357,"column":25},"end":{"line":357,"column":65}},"202":{"start":{"line":358,"column":30},"end":{"line":358,"column":72}},"203":{"start":{"line":360,"column":16},"end":{"line":360,"column":48}},"204":{"start":{"line":361,"column":16},"end":{"line":361,"column":31}},"205":{"start":{"line":363,"column":16},"end":{"line":377,"column":17}},"206":{"start":{"line":365,"column":20},"end":{"line":365,"column":47}},"207":{"start":{"line":368,"column":20},"end":{"line":375,"column":21}},"208":{"start":{"line":369,"column":24},"end":{"line":369,"column":45}},"209":{"start":{"line":373,"column":24},"end":{"line":373,"column":80}},"210":{"start":{"line":374,"column":24},"end":{"line":374,"column":82}},"211":{"start":{"line":376,"column":20},"end":{"line":376,"column":45}},"212":{"start":{"line":379,"column":16},"end":{"line":385,"column":17}},"213":{"start":{"line":380,"column":20},"end":{"line":380,"column":75}},"214":{"start":{"line":381,"column":20},"end":{"line":381,"column":78}},"215":{"start":{"line":383,"column":20},"end":{"line":383,"column":93}},"216":{"start":{"line":384,"column":20},"end":{"line":384,"column":45}},"217":{"start":{"line":393,"column":4},"end":{"line":427,"column":5}},"218":{"start":{"line":395,"column":37},"end":{"line":395,"column":66}},"219":{"start":{"line":396,"column":8},"end":{"line":396,"column":77}},"220":{"start":{"line":397,"column":8},"end":{"line":397,"column":52}},"221":{"start":{"line":399,"column":27},"end":{"line":399,"column":59}},"222":{"start":{"line":400,"column":8},"end":{"line":400,"column":50}},"223":{"start":{"line":401,"column":8},"end":{"line":401,"column":39}},"224":{"start":{"line":402,"column":8},"end":{"line":402,"column":57}},"225":{"start":{"line":405,"column":8},"end":{"line":426,"column":11}},"226":{"start":{"line":407,"column":34},"end":{"line":407,"column":62}},"227":{"start":{"line":408,"column":30},"end":{"line":408,"column":72}},"228":{"start":{"line":411,"column":12},"end":{"line":411,"column":39}},"229":{"start":{"line":414,"column":12},"end":{"line":414,"column":43}},"230":{"start":{"line":417,"column":12},"end":{"line":424,"column":13}},"231":{"start":{"line":418,"column":16},"end":{"line":418,"column":37}},"232":{"start":{"line":422,"column":16},"end":{"line":422,"column":72}},"233":{"start":{"line":423,"column":16},"end":{"line":423,"column":74}},"234":{"start":{"line":425,"column":12},"end":{"line":425,"column":37}},"235":{"start":{"line":429,"column":4},"end":{"line":431,"column":5}},"236":{"start":{"line":430,"column":8},"end":{"line":430,"column":39}},"237":{"start":{"line":438,"column":4},"end":{"line":460,"column":5}},"238":{"start":{"line":439,"column":8},"end":{"line":439,"column":167}},"239":{"start":{"line":440,"column":8},"end":{"line":440,"column":59}},"240":{"start":{"line":441,"column":8},"end":{"line":441,"column":53}},"241":{"start":{"line":443,"column":8},"end":{"line":443,"column":56}},"242":{"start":{"line":444,"column":28},"end":{"line":444,"column":45}},"243":{"start":{"line":445,"column":33},"end":{"line":445,"column":75}},"244":{"start":{"line":447,"column":8},"end":{"line":459,"column":9}},"245":{"start":{"line":448,"column":12},"end":{"line":448,"column":49}},"246":{"start":{"line":449,"column":12},"end":{"line":449,"column":34}},"247":{"start":{"line":450,"column":12},"end":{"line":450,"column":63}},"248":{"start":{"line":451,"column":12},"end":{"line":451,"column":75}},"249":{"start":{"line":454,"column":12},"end":{"line":454,"column":171}},"250":{"start":{"line":455,"column":12},"end":{"line":455,"column":34}},"251":{"start":{"line":457,"column":12},"end":{"line":457,"column":63}},"252":{"start":{"line":458,"column":12},"end":{"line":458,"column":75}},"253":{"start":{"line":467,"column":24},"end":{"line":467,"column":64}},"254":{"start":{"line":469,"column":29},"end":{"line":469,"column":30}},"255":{"start":{"line":471,"column":4},"end":{"line":480,"column":5}},"256":{"start":{"line":472,"column":8},"end":{"line":479,"column":9}},"257":{"start":{"line":473,"column":12},"end":{"line":473,"column":76}},"258":{"start":{"line":475,"column":12},"end":{"line":475,"column":46}},"259":{"start":{"line":476,"column":12},"end":{"line":476,"column":59}},"260":{"start":{"line":478,"column":12},"end":{"line":478,"column":46}},"261":{"start":{"line":487,"column":4},"end":{"line":498,"column":5}},"262":{"start":{"line":488,"column":21},"end":{"line":488,"column":60}},"263":{"start":{"line":489,"column":8},"end":{"line":489,"column":49}},"264":{"start":{"line":490,"column":8},"end":{"line":490,"column":39}},"265":{"start":{"line":491,"column":8},"end":{"line":491,"column":44}},"266":{"start":{"line":493,"column":21},"end":{"line":493,"column":60}},"267":{"start":{"line":494,"column":8},"end":{"line":494,"column":49}},"268":{"start":{"line":495,"column":8},"end":{"line":495,"column":39}},"269":{"start":{"line":496,"column":8},"end":{"line":496,"column":44}},"270":{"start":{"line":497,"column":8},"end":{"line":497,"column":40}},"271":{"start":{"line":506,"column":25},"end":{"line":506,"column":67}},"272":{"start":{"line":507,"column":24},"end":{"line":507,"column":66}},"273":{"start":{"line":508,"column":23},"end":{"line":508,"column":69}},"274":{"start":{"line":509,"column":20},"end":{"line":509,"column":62}},"275":{"start":{"line":510,"column":21},"end":{"line":510,"column":100}},"276":{"start":{"line":514,"column":8},"end":{"line":514,"column":46}},"277":{"start":{"line":519,"column":4},"end":{"line":524,"column":7}},"278":{"start":{"line":520,"column":8},"end":{"line":523,"column":9}},"279":{"start":{"line":521,"column":12},"end":{"line":521,"column":59}},"280":{"start":{"line":522,"column":12},"end":{"line":522,"column":39}},"281":{"start":{"line":526,"column":4},"end":{"line":531,"column":7}},"282":{"start":{"line":527,"column":8},"end":{"line":530,"column":9}},"283":{"start":{"line":528,"column":12},"end":{"line":528,"column":58}},"284":{"start":{"line":529,"column":12},"end":{"line":529,"column":39}},"285":{"start":{"line":533,"column":4},"end":{"line":538,"column":7}},"286":{"start":{"line":534,"column":8},"end":{"line":537,"column":9}},"287":{"start":{"line":535,"column":12},"end":{"line":535,"column":57}},"288":{"start":{"line":536,"column":12},"end":{"line":536,"column":39}},"289":{"start":{"line":540,"column":4},"end":{"line":545,"column":7}},"290":{"start":{"line":541,"column":8},"end":{"line":544,"column":9}},"291":{"start":{"line":542,"column":12},"end":{"line":542,"column":54}},"292":{"start":{"line":543,"column":12},"end":{"line":543,"column":39}},"293":{"start":{"line":547,"column":4},"end":{"line":552,"column":7}},"294":{"start":{"line":548,"column":8},"end":{"line":551,"column":9}},"295":{"start":{"line":549,"column":12},"end":{"line":549,"column":55}},"296":{"start":{"line":550,"column":12},"end":{"line":550,"column":39}},"297":{"start":{"line":556,"column":0},"end":{"line":559,"column":1}}},"fnMap":{"0":{"name":"getData","decl":{"start":{"line":3,"column":9},"end":{"line":3,"column":16}},"loc":{"start":{"line":3,"column":22},"end":{"line":11,"column":1}},"line":3},"1":{"name":"(anonymous_1)","decl":{"start":{"line":4,"column":23},"end":{"line":4,"column":24}},"loc":{"start":{"line":4,"column":44},"end":{"line":10,"column":5}},"line":4},"2":{"name":"(anonymous_2)","decl":{"start":{"line":7,"column":27},"end":{"line":7,"column":28}},"loc":{"start":{"line":7,"column":33},"end":{"line":7,"column":76}},"line":7},"3":{"name":"(anonymous_3)","decl":{"start":{"line":8,"column":28},"end":{"line":8,"column":29}},"loc":{"start":{"line":8,"column":34},"end":{"line":8,"column":74}},"line":8},"4":{"name":"postData","decl":{"start":{"line":15,"column":9},"end":{"line":15,"column":17}},"loc":{"start":{"line":15,"column":37},"end":{"line":24,"column":1}},"line":15},"5":{"name":"(anonymous_5)","decl":{"start":{"line":16,"column":23},"end":{"line":16,"column":24}},"loc":{"start":{"line":16,"column":43},"end":{"line":23,"column":5}},"line":16},"6":{"name":"(anonymous_6)","decl":{"start":{"line":20,"column":27},"end":{"line":20,"column":28}},"loc":{"start":{"line":20,"column":33},"end":{"line":20,"column":76}},"line":20},"7":{"name":"(anonymous_7)","decl":{"start":{"line":21,"column":28},"end":{"line":21,"column":29}},"loc":{"start":{"line":21,"column":34},"end":{"line":21,"column":74}},"line":21},"8":{"name":"buildIndex","decl":{"start":{"line":28,"column":15},"end":{"line":28,"column":25}},"loc":{"start":{"line":28,"column":27},"end":{"line":45,"column":1}},"line":28},"9":{"name":"buildProductPage","decl":{"start":{"line":49,"column":15},"end":{"line":49,"column":31}},"loc":{"start":{"line":49,"column":33},"end":{"line":87,"column":1}},"line":49},"10":{"name":"(anonymous_10)","decl":{"start":{"line":69,"column":42},"end":{"line":69,"column":43}},"loc":{"start":{"line":69,"column":52},"end":{"line":83,"column":9}},"line":69},"11":{"name":"(anonymous_11)","decl":{"start":{"line":80,"column":23},"end":{"line":80,"column":24}},"loc":{"start":{"line":80,"column":27},"end":{"line":82,"column":13}},"line":80},"12":{"name":"submitOrder","decl":{"start":{"line":91,"column":15},"end":{"line":91,"column":26}},"loc":{"start":{"line":91,"column":39},"end":{"line":107,"column":1}},"line":91},"13":{"name":"orderConfirmation","decl":{"start":{"line":95,"column":17},"end":{"line":95,"column":34}},"loc":{"start":{"line":95,"column":54},"end":{"line":98,"column":9}},"line":95},"14":{"name":"Product","decl":{"start":{"line":111,"column":9},"end":{"line":111,"column":16}},"loc":{"start":{"line":111,"column":64},"end":{"line":253,"column":1}},"line":111},"15":{"name":"(anonymous_15)","decl":{"start":{"line":131,"column":19},"end":{"line":131,"column":20}},"loc":{"start":{"line":131,"column":29},"end":{"line":142,"column":5}},"line":131},"16":{"name":"(anonymous_16)","decl":{"start":{"line":144,"column":17},"end":{"line":144,"column":18}},"loc":{"start":{"line":144,"column":27},"end":{"line":169,"column":5}},"line":144},"17":{"name":"(anonymous_17)","decl":{"start":{"line":171,"column":25},"end":{"line":171,"column":26}},"loc":{"start":{"line":171,"column":35},"end":{"line":175,"column":5}},"line":171},"18":{"name":"(anonymous_18)","decl":{"start":{"line":177,"column":23},"end":{"line":177,"column":24}},"loc":{"start":{"line":177,"column":33},"end":{"line":193,"column":5}},"line":177},"19":{"name":"(anonymous_19)","decl":{"start":{"line":195,"column":30},"end":{"line":195,"column":31}},"loc":{"start":{"line":195,"column":40},"end":{"line":211,"column":5}},"line":195},"20":{"name":"(anonymous_20)","decl":{"start":{"line":213,"column":24},"end":{"line":213,"column":25}},"loc":{"start":{"line":213,"column":34},"end":{"line":227,"column":5}},"line":213},"21":{"name":"(anonymous_21)","decl":{"start":{"line":229,"column":28},"end":{"line":229,"column":29}},"loc":{"start":{"line":229,"column":45},"end":{"line":243,"column":5}},"line":229},"22":{"name":"(anonymous_22)","decl":{"start":{"line":245,"column":20},"end":{"line":245,"column":21}},"loc":{"start":{"line":245,"column":30},"end":{"line":252,"column":5}},"line":245},"23":{"name":"CartProduct","decl":{"start":{"line":257,"column":9},"end":{"line":257,"column":20}},"loc":{"start":{"line":257,"column":57},"end":{"line":433,"column":1}},"line":257},"24":{"name":"(anonymous_24)","decl":{"start":{"line":265,"column":22},"end":{"line":265,"column":23}},"loc":{"start":{"line":265,"column":39},"end":{"line":273,"column":5}},"line":265},"25":{"name":"(anonymous_25)","decl":{"start":{"line":275,"column":27},"end":{"line":275,"column":28}},"loc":{"start":{"line":275,"column":44},"end":{"line":284,"column":5}},"line":275},"26":{"name":"(anonymous_26)","decl":{"start":{"line":286,"column":28},"end":{"line":286,"column":29}},"loc":{"start":{"line":286,"column":45},"end":{"line":292,"column":5}},"line":286},"27":{"name":"(anonymous_27)","decl":{"start":{"line":294,"column":29},"end":{"line":294,"column":30}},"loc":{"start":{"line":294,"column":46},"end":{"line":300,"column":5}},"line":294},"28":{"name":"(anonymous_28)","decl":{"start":{"line":302,"column":32},"end":{"line":302,"column":33}},"loc":{"start":{"line":302,"column":49},"end":{"line":391,"column":5}},"line":302},"29":{"name":"(anonymous_29)","decl":{"start":{"line":336,"column":45},"end":{"line":336,"column":46}},"loc":{"start":{"line":336,"column":55},"end":{"line":353,"column":9}},"line":336},"30":{"name":"(anonymous_30)","decl":{"start":{"line":356,"column":51},"end":{"line":356,"column":52}},"loc":{"start":{"line":356,"column":61},"end":{"line":388,"column":9}},"line":356},"31":{"name":"(anonymous_31)","decl":{"start":{"line":393,"column":30},"end":{"line":393,"column":31}},"loc":{"start":{"line":393,"column":55},"end":{"line":427,"column":5}},"line":393},"32":{"name":"(anonymous_32)","decl":{"start":{"line":405,"column":47},"end":{"line":405,"column":48}},"loc":{"start":{"line":405,"column":57},"end":{"line":426,"column":9}},"line":405},"33":{"name":"(anonymous_33)","decl":{"start":{"line":429,"column":22},"end":{"line":429,"column":23}},"loc":{"start":{"line":429,"column":47},"end":{"line":431,"column":5}},"line":429},"34":{"name":"addToCart","decl":{"start":{"line":437,"column":9},"end":{"line":437,"column":18}},"loc":{"start":{"line":437,"column":41},"end":{"line":461,"column":1}},"line":437},"35":{"name":"cartNotifications","decl":{"start":{"line":465,"column":9},"end":{"line":465,"column":26}},"loc":{"start":{"line":465,"column":28},"end":{"line":481,"column":1}},"line":465},"36":{"name":"displayButton","decl":{"start":{"line":485,"column":9},"end":{"line":485,"column":22}},"loc":{"start":{"line":485,"column":35},"end":{"line":499,"column":1}},"line":485},"37":{"name":"validateInputs","decl":{"start":{"line":503,"column":9},"end":{"line":503,"column":23}},"loc":{"start":{"line":503,"column":79},"end":{"line":553,"column":1}},"line":503},"38":{"name":"isValid","decl":{"start":{"line":513,"column":13},"end":{"line":513,"column":20}},"loc":{"start":{"line":513,"column":35},"end":{"line":515,"column":5}},"line":513},"39":{"name":"(anonymous_39)","decl":{"start":{"line":519,"column":41},"end":{"line":519,"column":42}},"loc":{"start":{"line":519,"column":47},"end":{"line":524,"column":5}},"line":519},"40":{"name":"(anonymous_40)","decl":{"start":{"line":526,"column":40},"end":{"line":526,"column":41}},"loc":{"start":{"line":526,"column":46},"end":{"line":531,"column":5}},"line":526},"41":{"name":"(anonymous_41)","decl":{"start":{"line":533,"column":39},"end":{"line":533,"column":40}},"loc":{"start":{"line":533,"column":45},"end":{"line":538,"column":5}},"line":533},"42":{"name":"(anonymous_42)","decl":{"start":{"line":540,"column":36},"end":{"line":540,"column":37}},"loc":{"start":{"line":540,"column":42},"end":{"line":545,"column":5}},"line":540},"43":{"name":"(anonymous_43)","decl":{"start":{"line":547,"column":37},"end":{"line":547,"column":38}},"loc":{"start":{"line":547,"column":43},"end":{"line":552,"column":5}},"line":547}},"branchMap":{"0":{"loc":{"start":{"line":145,"column":8},"end":{"line":167,"column":9}},"type":"if","locations":[{"start":{"line":145,"column":8},"end":{"line":167,"column":9}},{"start":{"line":145,"column":8},"end":{"line":167,"column":9}}],"line":145},"1":{"loc":{"start":{"line":157,"column":14},"end":{"line":167,"column":9}},"type":"if","locations":[{"start":{"line":157,"column":14},"end":{"line":167,"column":9}},{"start":{"line":157,"column":14},"end":{"line":167,"column":9}}],"line":157},"2":{"loc":{"start":{"line":178,"column":8},"end":{"line":191,"column":9}},"type":"if","locations":[{"start":{"line":178,"column":8},"end":{"line":191,"column":9}},{"start":{"line":178,"column":8},"end":{"line":191,"column":9}}],"line":178},"3":{"loc":{"start":{"line":185,"column":14},"end":{"line":191,"column":9}},"type":"if","locations":[{"start":{"line":185,"column":14},"end":{"line":191,"column":9}},{"start":{"line":185,"column":14},"end":{"line":191,"column":9}}],"line":185},"4":{"loc":{"start":{"line":196,"column":8},"end":{"line":209,"column":9}},"type":"if","locations":[{"start":{"line":196,"column":8},"end":{"line":209,"column":9}},{"start":{"line":196,"column":8},"end":{"line":209,"column":9}}],"line":196},"5":{"loc":{"start":{"line":203,"column":14},"end":{"line":209,"column":9}},"type":"if","locations":[{"start":{"line":203,"column":14},"end":{"line":209,"column":9}},{"start":{"line":203,"column":14},"end":{"line":209,"column":9}}],"line":203},"6":{"loc":{"start":{"line":214,"column":8},"end":{"line":225,"column":9}},"type":"if","locations":[{"start":{"line":214,"column":8},"end":{"line":225,"column":9}},{"start":{"line":214,"column":8},"end":{"line":225,"column":9}}],"line":214},"7":{"loc":{"start":{"line":221,"column":14},"end":{"line":225,"column":9}},"type":"if","locations":[{"start":{"line":221,"column":14},"end":{"line":225,"column":9}},{"start":{"line":221,"column":14},"end":{"line":225,"column":9}}],"line":221},"8":{"loc":{"start":{"line":233,"column":12},"end":{"line":237,"column":13}},"type":"if","locations":[{"start":{"line":233,"column":12},"end":{"line":237,"column":13}},{"start":{"line":233,"column":12},"end":{"line":237,"column":13}}],"line":233},"9":{"loc":{"start":{"line":340,"column":12},"end":{"line":352,"column":13}},"type":"if","locations":[{"start":{"line":340,"column":12},"end":{"line":352,"column":13}},{"start":{"line":340,"column":12},"end":{"line":352,"column":13}}],"line":340},"10":{"loc":{"start":{"line":340,"column":15},"end":{"line":340,"column":85}},"type":"binary-expr","locations":[{"start":{"line":340,"column":15},"end":{"line":340,"column":48}},{"start":{"line":340,"column":52},"end":{"line":340,"column":85}}],"line":340},"11":{"loc":{"start":{"line":363,"column":16},"end":{"line":377,"column":17}},"type":"if","locations":[{"start":{"line":363,"column":16},"end":{"line":377,"column":17}},{"start":{"line":363,"column":16},"end":{"line":377,"column":17}}],"line":363},"12":{"loc":{"start":{"line":368,"column":20},"end":{"line":375,"column":21}},"type":"if","locations":[{"start":{"line":368,"column":20},"end":{"line":375,"column":21}},{"start":{"line":368,"column":20},"end":{"line":375,"column":21}}],"line":368},"13":{"loc":{"start":{"line":379,"column":16},"end":{"line":385,"column":17}},"type":"if","locations":[{"start":{"line":379,"column":16},"end":{"line":385,"column":17}},{"start":{"line":379,"column":16},"end":{"line":385,"column":17}}],"line":379},"14":{"loc":{"start":{"line":417,"column":12},"end":{"line":424,"column":13}},"type":"if","locations":[{"start":{"line":417,"column":12},"end":{"line":424,"column":13}},{"start":{"line":417,"column":12},"end":{"line":424,"column":13}}],"line":417},"15":{"loc":{"start":{"line":438,"column":4},"end":{"line":460,"column":5}},"type":"if","locations":[{"start":{"line":438,"column":4},"end":{"line":460,"column":5}},{"start":{"line":438,"column":4},"end":{"line":460,"column":5}}],"line":438},"16":{"loc":{"start":{"line":447,"column":8},"end":{"line":459,"column":9}},"type":"if","locations":[{"start":{"line":447,"column":8},"end":{"line":459,"column":9}},{"start":{"line":447,"column":8},"end":{"line":459,"column":9}}],"line":447},"17":{"loc":{"start":{"line":471,"column":4},"end":{"line":480,"column":5}},"type":"if","locations":[{"start":{"line":471,"column":4},"end":{"line":480,"column":5}},{"start":{"line":471,"column":4},"end":{"line":480,"column":5}}],"line":471},"18":{"loc":{"start":{"line":472,"column":8},"end":{"line":479,"column":9}},"type":"if","locations":[{"start":{"line":472,"column":8},"end":{"line":479,"column":9}},{"start":{"line":472,"column":8},"end":{"line":479,"column":9}}],"line":472},"19":{"loc":{"start":{"line":487,"column":4},"end":{"line":498,"column":5}},"type":"if","locations":[{"start":{"line":487,"column":4},"end":{"line":498,"column":5}},{"start":{"line":487,"column":4},"end":{"line":498,"column":5}}],"line":487},"20":{"loc":{"start":{"line":520,"column":8},"end":{"line":523,"column":9}},"type":"if","locations":[{"start":{"line":520,"column":8},"end":{"line":523,"column":9}},{"start":{"line":520,"column":8},"end":{"line":523,"column":9}}],"line":520},"21":{"loc":{"start":{"line":527,"column":8},"end":{"line":530,"column":9}},"type":"if","locations":[{"start":{"line":527,"column":8},"end":{"line":530,"column":9}},{"start":{"line":527,"column":8},"end":{"line":530,"column":9}}],"line":527},"22":{"loc":{"start":{"line":534,"column":8},"end":{"line":537,"column":9}},"type":"if","locations":[{"start":{"line":534,"column":8},"end":{"line":537,"column":9}},{"start":{"line":534,"column":8},"end":{"line":537,"column":9}}],"line":534},"23":{"loc":{"start":{"line":541,"column":8},"end":{"line":544,"column":9}},"type":"if","locations":[{"start":{"line":541,"column":8},"end":{"line":544,"column":9}},{"start":{"line":541,"column":8},"end":{"line":544,"column":9}}],"line":541},"24":{"loc":{"start":{"line":548,"column":8},"end":{"line":551,"column":9}},"type":"if","locations":[{"start":{"line":548,"column":8},"end":{"line":551,"column":9}},{"start":{"line":548,"column":8},"end":{"line":551,"column":9}}],"line":548}},"s":{"0":1,"1":1,"2":1,"3":1,"4":1,"5":1,"6":0,"7":1,"8":0,"9":0,"10":0,"11":0,"12":0,"13":0,"14":0,"15":0,"16":0,"17":0,"18":0,"19":0,"20":0,"21":0,"22":0,"23":0,"24":0,"25":0,"26":0,"27":0,"28":0,"29":0,"30":0,"31":0,"32":0,"33":0,"34":0,"35":0,"36":0,"37":0,"38":0,"39":0,"40":0,"41":0,"42":0,"43":0,"44":0,"45":0,"46":0,"47":0,"48":0,"49":0,"50":0,"51":0,"52":0,"53":0,"54":0,"55":0,"56":0,"57":0,"58":0,"59":0,"60":0,"61":0,"62":0,"63":0,"64":0,"65":0,"66":0,"67":0,"68":0,"69":0,"70":0,"71":0,"72":0,"73":0,"74":0,"75":0,"76":0,"77":0,"78":0,"79":0,"80":0,"81":0,"82":0,"83":0,"84":0,"85":0,"86":0,"87":0,"88":0,"89":0,"90":0,"91":0,"92":0,"93":0,"94":0,"95":0,"96":0,"97":0,"98":0,"99":0,"100":0,"101":0,"102":0,"103":0,"104":0,"105":0,"106":0,"107":0,"108":0,"109":0,"110":0,"111":0,"112":0,"113":0,"114":0,"115":0,"116":0,"117":0,"118":0,"119":0,"120":0,"121":0,"122":0,"123":0,"124":0,"125":0,"126":0,"127":0,"128":0,"129":0,"130":0,"131":0,"132":0,"133":0,"134":0,"135":0,"136":0,"137":0,"138":0,"139":0,"140":0,"141":0,"142":0,"143":0,"144":0,"145":0,"146":0,"147":0,"148":0,"149":0,"150":0,"151":0,"152":0,"153":0,"154":0,"155":0,"156":0,"157":0,"158":0,"159":0,"160":0,"161":0,"162":0,"163":0,"164":0,"165":0,"166":0,"167":0,"168":0,"169":0,"170":0,"171":0,"172":0,"173":0,"174":0,"175":0,"176":0,"177":0,"178":0,"179":0,"180":0,"181":0,"182":0,"183":0,"184":0,"185":0,"186":0,"187":0,"188":0,"189":0,"190":0,"191":0,"192":0,"193":0,"194":0,"195":0,"196":0,"197":0,"198":0,"199":0,"200":0,"201":0,"202":0,"203":0,"204":0,"205":0,"206":0,"207":0,"208":0,"209":0,"210":0,"211":0,"212":0,"213":0,"214":0,"215":0,"216":0,"217":0,"218":0,"219":0,"220":0,"221":0,"222":0,"223":0,"224":0,"225":0,"226":0,"227":0,"228":0,"229":0,"230":0,"231":0,"232":0,"233":0,"234":0,"235":0,"236":0,"237":0,"238":0,"239":0,"240":0,"241":0,"242":0,"243":0,"244":0,"245":0,"246":0,"247":0,"248":0,"249":0,"250":0,"251":0,"252":0,"253":0,"254":0,"255":0,"256":0,"257":0,"258":0,"259":0,"260":0,"261":0,"262":0,"263":0,"264":0,"265":0,"266":0,"267":0,"268":0,"269":0,"270":0,"271":0,"272":0,"273":0,"274":0,"275":0,"276":0,"277":0,"278":0,"279":0,"280":0,"281":0,"282":0,"283":0,"284":0,"285":0,"286":0,"287":0,"288":0,"289":0,"290":0,"291":0,"292":0,"293":0,"294":0,"295":0,"296":0,"297":1},"f":{"0":1,"1":1,"2":1,"3":0,"4":0,"5":0,"6":0,"7":0,"8":0,"9":0,"10":0,"11":0,"12":0,"13":0,"14":0,"15":0,"16":0,"17":0,"18":0,"19":0,"20":0,"21":0,"22":0,"23":0,"24":0,"25":0,"26":0,"27":0,"28":0,"29":0,"30":0,"31":0,"32":0,"33":0,"34":0,"35":0,"36":0,"37":0,"38":0,"39":0,"40":0,"41":0,"42":0,"43":0},"b":{"0":[0,0],"1":[0,0],"2":[0,0],"3":[0,0],"4":[0,0],"5":[0,0],"6":[0,0],"7":[0,0],"8":[0,0],"9":[0,0],"10":[0,0],"11":[0,0],"12":[0,0],"13":[0,0],"14":[0,0],"15":[0,0],"16":[0,0],"17":[0,0],"18":[0,0],"19":[0,0],"20":[0,0],"21":[0,0],"22":[0,0],"23":[0,0],"24":[0,0]},"_coverageSchema":"1a1c01bbd47fc00a2c39e90264f33305004495a9","hash":"9d50c9d95d7678fbf2fb49146aaab5fe9c68760f"}
}
