{"/Users/user/Documents/Formation DW/Projet 5 - Construisez un site e-commerce/Orinoco/js/functions.js": {"path":"/Users/user/Documents/Formation DW/Projet 5 - Construisez un site e-commerce/Orinoco/js/functions.js","statementMap":{"0":{"start":{"line":4,"column":4},"end":{"line":10,"column":7}},"1":{"start":{"line":5,"column":26},"end":{"line":5,"column":46}},"2":{"start":{"line":6,"column":8},"end":{"line":6,"column":35}},"3":{"start":{"line":7,"column":8},"end":{"line":7,"column":77}},"4":{"start":{"line":7,"column":33},"end":{"line":7,"column":76}},"5":{"start":{"line":8,"column":8},"end":{"line":8,"column":75}},"6":{"start":{"line":8,"column":34},"end":{"line":8,"column":74}},"7":{"start":{"line":9,"column":8},"end":{"line":9,"column":25}},"8":{"start":{"line":16,"column":4},"end":{"line":23,"column":7}},"9":{"start":{"line":17,"column":26},"end":{"line":17,"column":46}},"10":{"start":{"line":18,"column":8},"end":{"line":18,"column":47}},"11":{"start":{"line":19,"column":8},"end":{"line":19,"column":71}},"12":{"start":{"line":20,"column":8},"end":{"line":20,"column":76}},"13":{"start":{"line":20,"column":33},"end":{"line":20,"column":76}},"14":{"start":{"line":21,"column":8},"end":{"line":21,"column":75}},"15":{"start":{"line":21,"column":34},"end":{"line":21,"column":74}},"16":{"start":{"line":22,"column":8},"end":{"line":22,"column":53}},"17":{"start":{"line":29,"column":4},"end":{"line":44,"column":5}},"18":{"start":{"line":30,"column":23},"end":{"line":30,"column":74}},"19":{"start":{"line":31,"column":8},"end":{"line":40,"column":9}},"20":{"start":{"line":32,"column":29},"end":{"line":32,"column":161}},"21":{"start":{"line":34,"column":12},"end":{"line":34,"column":33}},"22":{"start":{"line":35,"column":12},"end":{"line":35,"column":31}},"23":{"start":{"line":36,"column":12},"end":{"line":36,"column":39}},"24":{"start":{"line":37,"column":12},"end":{"line":37,"column":37}},"25":{"start":{"line":38,"column":12},"end":{"line":38,"column":44}},"26":{"start":{"line":39,"column":12},"end":{"line":39,"column":38}},"27":{"start":{"line":41,"column":8},"end":{"line":41,"column":28}},"28":{"start":{"line":43,"column":8},"end":{"line":43,"column":29}},"29":{"start":{"line":50,"column":4},"end":{"line":86,"column":5}},"30":{"start":{"line":51,"column":23},"end":{"line":51,"column":86}},"31":{"start":{"line":54,"column":30},"end":{"line":54,"column":144}},"32":{"start":{"line":56,"column":8},"end":{"line":56,"column":32}},"33":{"start":{"line":57,"column":8},"end":{"line":57,"column":51}},"34":{"start":{"line":58,"column":8},"end":{"line":58,"column":38}},"35":{"start":{"line":59,"column":8},"end":{"line":59,"column":45}},"36":{"start":{"line":60,"column":8},"end":{"line":60,"column":39}},"37":{"start":{"line":61,"column":8},"end":{"line":61,"column":35}},"38":{"start":{"line":64,"column":8},"end":{"line":64,"column":28}},"39":{"start":{"line":67,"column":22},"end":{"line":67,"column":57}},"40":{"start":{"line":69,"column":8},"end":{"line":83,"column":11}},"41":{"start":{"line":72,"column":12},"end":{"line":72,"column":45}},"42":{"start":{"line":75,"column":12},"end":{"line":75,"column":32}},"43":{"start":{"line":77,"column":24},"end":{"line":77,"column":64}},"44":{"start":{"line":78,"column":12},"end":{"line":78,"column":55}},"45":{"start":{"line":79,"column":12},"end":{"line":79,"column":55}},"46":{"start":{"line":80,"column":12},"end":{"line":82,"column":21}},"47":{"start":{"line":81,"column":16},"end":{"line":81,"column":58}},"48":{"start":{"line":85,"column":8},"end":{"line":85,"column":27}},"49":{"start":{"line":92,"column":4},"end":{"line":105,"column":5}},"50":{"start":{"line":93,"column":25},"end":{"line":93,"column":89}},"51":{"start":{"line":96,"column":12},"end":{"line":96,"column":57}},"52":{"start":{"line":97,"column":12},"end":{"line":97,"column":66}},"53":{"start":{"line":100,"column":8},"end":{"line":100,"column":72}},"54":{"start":{"line":101,"column":8},"end":{"line":101,"column":50}},"55":{"start":{"line":104,"column":8},"end":{"line":104,"column":27}},"56":{"start":{"line":111,"column":4},"end":{"line":128,"column":7}},"57":{"start":{"line":112,"column":21},"end":{"line":112,"column":42}},"58":{"start":{"line":113,"column":26},"end":{"line":113,"column":68}},"59":{"start":{"line":115,"column":8},"end":{"line":127,"column":9}},"60":{"start":{"line":117,"column":12},"end":{"line":117,"column":44}},"61":{"start":{"line":118,"column":12},"end":{"line":118,"column":27}},"62":{"start":{"line":119,"column":12},"end":{"line":119,"column":68}},"63":{"start":{"line":120,"column":12},"end":{"line":120,"column":70}},"64":{"start":{"line":122,"column":12},"end":{"line":122,"column":85}},"65":{"start":{"line":123,"column":12},"end":{"line":123,"column":37}},"66":{"start":{"line":126,"column":12},"end":{"line":126,"column":153}},"67":{"start":{"line":133,"column":4},"end":{"line":163,"column":7}},"68":{"start":{"line":134,"column":21},"end":{"line":134,"column":60}},"69":{"start":{"line":135,"column":26},"end":{"line":135,"column":68}},"70":{"start":{"line":137,"column":8},"end":{"line":137,"column":40}},"71":{"start":{"line":138,"column":8},"end":{"line":138,"column":23}},"72":{"start":{"line":140,"column":8},"end":{"line":154,"column":9}},"73":{"start":{"line":142,"column":12},"end":{"line":142,"column":39}},"74":{"start":{"line":145,"column":12},"end":{"line":152,"column":13}},"75":{"start":{"line":146,"column":16},"end":{"line":146,"column":37}},"76":{"start":{"line":150,"column":16},"end":{"line":150,"column":72}},"77":{"start":{"line":151,"column":16},"end":{"line":151,"column":74}},"78":{"start":{"line":153,"column":12},"end":{"line":153,"column":37}},"79":{"start":{"line":156,"column":8},"end":{"line":162,"column":9}},"80":{"start":{"line":157,"column":12},"end":{"line":157,"column":67}},"81":{"start":{"line":158,"column":12},"end":{"line":158,"column":70}},"82":{"start":{"line":160,"column":12},"end":{"line":160,"column":85}},"83":{"start":{"line":161,"column":12},"end":{"line":161,"column":37}},"84":{"start":{"line":169,"column":4},"end":{"line":190,"column":7}},"85":{"start":{"line":171,"column":30},"end":{"line":171,"column":58}},"86":{"start":{"line":172,"column":26},"end":{"line":172,"column":68}},"87":{"start":{"line":175,"column":8},"end":{"line":175,"column":35}},"88":{"start":{"line":178,"column":8},"end":{"line":178,"column":39}},"89":{"start":{"line":181,"column":8},"end":{"line":188,"column":9}},"90":{"start":{"line":182,"column":12},"end":{"line":182,"column":33}},"91":{"start":{"line":186,"column":12},"end":{"line":186,"column":68}},"92":{"start":{"line":187,"column":12},"end":{"line":187,"column":70}},"93":{"start":{"line":189,"column":8},"end":{"line":189,"column":33}},"94":{"start":{"line":196,"column":4},"end":{"line":218,"column":5}},"95":{"start":{"line":197,"column":8},"end":{"line":197,"column":167}},"96":{"start":{"line":198,"column":8},"end":{"line":198,"column":59}},"97":{"start":{"line":199,"column":8},"end":{"line":199,"column":54}},"98":{"start":{"line":201,"column":8},"end":{"line":201,"column":56}},"99":{"start":{"line":202,"column":28},"end":{"line":202,"column":45}},"100":{"start":{"line":203,"column":33},"end":{"line":203,"column":75}},"101":{"start":{"line":205,"column":8},"end":{"line":217,"column":9}},"102":{"start":{"line":206,"column":12},"end":{"line":206,"column":49}},"103":{"start":{"line":207,"column":12},"end":{"line":207,"column":34}},"104":{"start":{"line":208,"column":12},"end":{"line":208,"column":63}},"105":{"start":{"line":209,"column":12},"end":{"line":209,"column":75}},"106":{"start":{"line":212,"column":12},"end":{"line":212,"column":171}},"107":{"start":{"line":213,"column":12},"end":{"line":213,"column":34}},"108":{"start":{"line":215,"column":12},"end":{"line":215,"column":63}},"109":{"start":{"line":216,"column":12},"end":{"line":216,"column":75}},"110":{"start":{"line":225,"column":24},"end":{"line":225,"column":64}},"111":{"start":{"line":227,"column":29},"end":{"line":227,"column":30}},"112":{"start":{"line":229,"column":4},"end":{"line":238,"column":5}},"113":{"start":{"line":230,"column":8},"end":{"line":237,"column":9}},"114":{"start":{"line":231,"column":12},"end":{"line":231,"column":76}},"115":{"start":{"line":233,"column":12},"end":{"line":233,"column":46}},"116":{"start":{"line":234,"column":12},"end":{"line":234,"column":59}},"117":{"start":{"line":236,"column":12},"end":{"line":236,"column":46}},"118":{"start":{"line":245,"column":4},"end":{"line":256,"column":5}},"119":{"start":{"line":246,"column":21},"end":{"line":246,"column":60}},"120":{"start":{"line":247,"column":8},"end":{"line":247,"column":49}},"121":{"start":{"line":248,"column":8},"end":{"line":248,"column":39}},"122":{"start":{"line":249,"column":8},"end":{"line":249,"column":44}},"123":{"start":{"line":251,"column":21},"end":{"line":251,"column":60}},"124":{"start":{"line":252,"column":8},"end":{"line":252,"column":49}},"125":{"start":{"line":253,"column":8},"end":{"line":253,"column":39}},"126":{"start":{"line":254,"column":8},"end":{"line":254,"column":44}},"127":{"start":{"line":255,"column":8},"end":{"line":255,"column":40}},"128":{"start":{"line":264,"column":25},"end":{"line":264,"column":67}},"129":{"start":{"line":265,"column":24},"end":{"line":265,"column":66}},"130":{"start":{"line":266,"column":23},"end":{"line":266,"column":69}},"131":{"start":{"line":267,"column":20},"end":{"line":267,"column":62}},"132":{"start":{"line":268,"column":21},"end":{"line":268,"column":100}},"133":{"start":{"line":272,"column":8},"end":{"line":272,"column":46}},"134":{"start":{"line":277,"column":4},"end":{"line":282,"column":7}},"135":{"start":{"line":278,"column":8},"end":{"line":281,"column":9}},"136":{"start":{"line":279,"column":12},"end":{"line":279,"column":59}},"137":{"start":{"line":280,"column":12},"end":{"line":280,"column":39}},"138":{"start":{"line":284,"column":4},"end":{"line":289,"column":7}},"139":{"start":{"line":285,"column":8},"end":{"line":288,"column":9}},"140":{"start":{"line":286,"column":12},"end":{"line":286,"column":58}},"141":{"start":{"line":287,"column":12},"end":{"line":287,"column":39}},"142":{"start":{"line":291,"column":4},"end":{"line":296,"column":7}},"143":{"start":{"line":292,"column":8},"end":{"line":295,"column":9}},"144":{"start":{"line":293,"column":12},"end":{"line":293,"column":57}},"145":{"start":{"line":294,"column":12},"end":{"line":294,"column":39}},"146":{"start":{"line":298,"column":4},"end":{"line":303,"column":7}},"147":{"start":{"line":299,"column":8},"end":{"line":302,"column":9}},"148":{"start":{"line":300,"column":12},"end":{"line":300,"column":54}},"149":{"start":{"line":301,"column":12},"end":{"line":301,"column":39}},"150":{"start":{"line":305,"column":4},"end":{"line":310,"column":7}},"151":{"start":{"line":306,"column":8},"end":{"line":309,"column":9}},"152":{"start":{"line":307,"column":12},"end":{"line":307,"column":55}},"153":{"start":{"line":308,"column":12},"end":{"line":308,"column":39}},"154":{"start":{"line":314,"column":0},"end":{"line":318,"column":1}}},"fnMap":{"0":{"name":"getData","decl":{"start":{"line":3,"column":9},"end":{"line":3,"column":16}},"loc":{"start":{"line":3,"column":22},"end":{"line":11,"column":1}},"line":3},"1":{"name":"(anonymous_1)","decl":{"start":{"line":4,"column":23},"end":{"line":4,"column":24}},"loc":{"start":{"line":4,"column":44},"end":{"line":10,"column":5}},"line":4},"2":{"name":"(anonymous_2)","decl":{"start":{"line":7,"column":27},"end":{"line":7,"column":28}},"loc":{"start":{"line":7,"column":33},"end":{"line":7,"column":76}},"line":7},"3":{"name":"(anonymous_3)","decl":{"start":{"line":8,"column":28},"end":{"line":8,"column":29}},"loc":{"start":{"line":8,"column":34},"end":{"line":8,"column":74}},"line":8},"4":{"name":"postData","decl":{"start":{"line":15,"column":9},"end":{"line":15,"column":17}},"loc":{"start":{"line":15,"column":37},"end":{"line":24,"column":1}},"line":15},"5":{"name":"(anonymous_5)","decl":{"start":{"line":16,"column":23},"end":{"line":16,"column":24}},"loc":{"start":{"line":16,"column":43},"end":{"line":23,"column":5}},"line":16},"6":{"name":"(anonymous_6)","decl":{"start":{"line":20,"column":27},"end":{"line":20,"column":28}},"loc":{"start":{"line":20,"column":33},"end":{"line":20,"column":76}},"line":20},"7":{"name":"(anonymous_7)","decl":{"start":{"line":21,"column":28},"end":{"line":21,"column":29}},"loc":{"start":{"line":21,"column":34},"end":{"line":21,"column":74}},"line":21},"8":{"name":"buildIndex","decl":{"start":{"line":28,"column":15},"end":{"line":28,"column":25}},"loc":{"start":{"line":28,"column":27},"end":{"line":45,"column":1}},"line":28},"9":{"name":"buildProductPage","decl":{"start":{"line":49,"column":15},"end":{"line":49,"column":31}},"loc":{"start":{"line":49,"column":33},"end":{"line":87,"column":1}},"line":49},"10":{"name":"(anonymous_10)","decl":{"start":{"line":69,"column":42},"end":{"line":69,"column":43}},"loc":{"start":{"line":69,"column":52},"end":{"line":83,"column":9}},"line":69},"11":{"name":"(anonymous_11)","decl":{"start":{"line":80,"column":23},"end":{"line":80,"column":24}},"loc":{"start":{"line":80,"column":27},"end":{"line":82,"column":13}},"line":80},"12":{"name":"submitOrder","decl":{"start":{"line":91,"column":15},"end":{"line":91,"column":26}},"loc":{"start":{"line":91,"column":39},"end":{"line":107,"column":1}},"line":91},"13":{"name":"orderConfirmation","decl":{"start":{"line":95,"column":17},"end":{"line":95,"column":34}},"loc":{"start":{"line":95,"column":54},"end":{"line":98,"column":9}},"line":95},"14":{"name":"addArticle","decl":{"start":{"line":110,"column":9},"end":{"line":110,"column":19}},"loc":{"start":{"line":110,"column":47},"end":{"line":129,"column":1}},"line":110},"15":{"name":"(anonymous_15)","decl":{"start":{"line":111,"column":41},"end":{"line":111,"column":42}},"loc":{"start":{"line":111,"column":51},"end":{"line":128,"column":5}},"line":111},"16":{"name":"subtractArticle","decl":{"start":{"line":132,"column":9},"end":{"line":132,"column":24}},"loc":{"start":{"line":132,"column":57},"end":{"line":164,"column":1}},"line":132},"17":{"name":"(anonymous_17)","decl":{"start":{"line":133,"column":46},"end":{"line":133,"column":47}},"loc":{"start":{"line":133,"column":56},"end":{"line":163,"column":5}},"line":133},"18":{"name":"deleteArticle","decl":{"start":{"line":167,"column":9},"end":{"line":167,"column":22}},"loc":{"start":{"line":167,"column":44},"end":{"line":191,"column":1}},"line":167},"19":{"name":"(anonymous_19)","decl":{"start":{"line":169,"column":43},"end":{"line":169,"column":44}},"loc":{"start":{"line":169,"column":53},"end":{"line":190,"column":5}},"line":169},"20":{"name":"addToCart","decl":{"start":{"line":195,"column":9},"end":{"line":195,"column":18}},"loc":{"start":{"line":195,"column":41},"end":{"line":219,"column":1}},"line":195},"21":{"name":"cartNotifications","decl":{"start":{"line":223,"column":9},"end":{"line":223,"column":26}},"loc":{"start":{"line":223,"column":28},"end":{"line":239,"column":1}},"line":223},"22":{"name":"displayButton","decl":{"start":{"line":243,"column":9},"end":{"line":243,"column":22}},"loc":{"start":{"line":243,"column":35},"end":{"line":257,"column":1}},"line":243},"23":{"name":"validateInputs","decl":{"start":{"line":261,"column":9},"end":{"line":261,"column":23}},"loc":{"start":{"line":261,"column":79},"end":{"line":311,"column":1}},"line":261},"24":{"name":"isValid","decl":{"start":{"line":271,"column":13},"end":{"line":271,"column":20}},"loc":{"start":{"line":271,"column":35},"end":{"line":273,"column":5}},"line":271},"25":{"name":"(anonymous_25)","decl":{"start":{"line":277,"column":41},"end":{"line":277,"column":42}},"loc":{"start":{"line":277,"column":47},"end":{"line":282,"column":5}},"line":277},"26":{"name":"(anonymous_26)","decl":{"start":{"line":284,"column":40},"end":{"line":284,"column":41}},"loc":{"start":{"line":284,"column":46},"end":{"line":289,"column":5}},"line":284},"27":{"name":"(anonymous_27)","decl":{"start":{"line":291,"column":39},"end":{"line":291,"column":40}},"loc":{"start":{"line":291,"column":45},"end":{"line":296,"column":5}},"line":291},"28":{"name":"(anonymous_28)","decl":{"start":{"line":298,"column":36},"end":{"line":298,"column":37}},"loc":{"start":{"line":298,"column":42},"end":{"line":303,"column":5}},"line":298},"29":{"name":"(anonymous_29)","decl":{"start":{"line":305,"column":37},"end":{"line":305,"column":38}},"loc":{"start":{"line":305,"column":43},"end":{"line":310,"column":5}},"line":305}},"branchMap":{"0":{"loc":{"start":{"line":115,"column":8},"end":{"line":127,"column":9}},"type":"if","locations":[{"start":{"line":115,"column":8},"end":{"line":127,"column":9}},{"start":{"line":115,"column":8},"end":{"line":127,"column":9}}],"line":115},"1":{"loc":{"start":{"line":115,"column":11},"end":{"line":115,"column":81}},"type":"binary-expr","locations":[{"start":{"line":115,"column":11},"end":{"line":115,"column":44}},{"start":{"line":115,"column":48},"end":{"line":115,"column":81}}],"line":115},"2":{"loc":{"start":{"line":140,"column":8},"end":{"line":154,"column":9}},"type":"if","locations":[{"start":{"line":140,"column":8},"end":{"line":154,"column":9}},{"start":{"line":140,"column":8},"end":{"line":154,"column":9}}],"line":140},"3":{"loc":{"start":{"line":145,"column":12},"end":{"line":152,"column":13}},"type":"if","locations":[{"start":{"line":145,"column":12},"end":{"line":152,"column":13}},{"start":{"line":145,"column":12},"end":{"line":152,"column":13}}],"line":145},"4":{"loc":{"start":{"line":156,"column":8},"end":{"line":162,"column":9}},"type":"if","locations":[{"start":{"line":156,"column":8},"end":{"line":162,"column":9}},{"start":{"line":156,"column":8},"end":{"line":162,"column":9}}],"line":156},"5":{"loc":{"start":{"line":181,"column":8},"end":{"line":188,"column":9}},"type":"if","locations":[{"start":{"line":181,"column":8},"end":{"line":188,"column":9}},{"start":{"line":181,"column":8},"end":{"line":188,"column":9}}],"line":181},"6":{"loc":{"start":{"line":196,"column":4},"end":{"line":218,"column":5}},"type":"if","locations":[{"start":{"line":196,"column":4},"end":{"line":218,"column":5}},{"start":{"line":196,"column":4},"end":{"line":218,"column":5}}],"line":196},"7":{"loc":{"start":{"line":205,"column":8},"end":{"line":217,"column":9}},"type":"if","locations":[{"start":{"line":205,"column":8},"end":{"line":217,"column":9}},{"start":{"line":205,"column":8},"end":{"line":217,"column":9}}],"line":205},"8":{"loc":{"start":{"line":229,"column":4},"end":{"line":238,"column":5}},"type":"if","locations":[{"start":{"line":229,"column":4},"end":{"line":238,"column":5}},{"start":{"line":229,"column":4},"end":{"line":238,"column":5}}],"line":229},"9":{"loc":{"start":{"line":230,"column":8},"end":{"line":237,"column":9}},"type":"if","locations":[{"start":{"line":230,"column":8},"end":{"line":237,"column":9}},{"start":{"line":230,"column":8},"end":{"line":237,"column":9}}],"line":230},"10":{"loc":{"start":{"line":245,"column":4},"end":{"line":256,"column":5}},"type":"if","locations":[{"start":{"line":245,"column":4},"end":{"line":256,"column":5}},{"start":{"line":245,"column":4},"end":{"line":256,"column":5}}],"line":245},"11":{"loc":{"start":{"line":278,"column":8},"end":{"line":281,"column":9}},"type":"if","locations":[{"start":{"line":278,"column":8},"end":{"line":281,"column":9}},{"start":{"line":278,"column":8},"end":{"line":281,"column":9}}],"line":278},"12":{"loc":{"start":{"line":285,"column":8},"end":{"line":288,"column":9}},"type":"if","locations":[{"start":{"line":285,"column":8},"end":{"line":288,"column":9}},{"start":{"line":285,"column":8},"end":{"line":288,"column":9}}],"line":285},"13":{"loc":{"start":{"line":292,"column":8},"end":{"line":295,"column":9}},"type":"if","locations":[{"start":{"line":292,"column":8},"end":{"line":295,"column":9}},{"start":{"line":292,"column":8},"end":{"line":295,"column":9}}],"line":292},"14":{"loc":{"start":{"line":299,"column":8},"end":{"line":302,"column":9}},"type":"if","locations":[{"start":{"line":299,"column":8},"end":{"line":302,"column":9}},{"start":{"line":299,"column":8},"end":{"line":302,"column":9}}],"line":299},"15":{"loc":{"start":{"line":306,"column":8},"end":{"line":309,"column":9}},"type":"if","locations":[{"start":{"line":306,"column":8},"end":{"line":309,"column":9}},{"start":{"line":306,"column":8},"end":{"line":309,"column":9}}],"line":306}},"s":{"0":1,"1":1,"2":1,"3":1,"4":1,"5":1,"6":0,"7":1,"8":0,"9":0,"10":0,"11":0,"12":0,"13":0,"14":0,"15":0,"16":0,"17":0,"18":0,"19":0,"20":0,"21":0,"22":0,"23":0,"24":0,"25":0,"26":0,"27":0,"28":0,"29":0,"30":0,"31":0,"32":0,"33":0,"34":0,"35":0,"36":0,"37":0,"38":0,"39":0,"40":0,"41":0,"42":0,"43":0,"44":0,"45":0,"46":0,"47":0,"48":0,"49":0,"50":0,"51":0,"52":0,"53":0,"54":0,"55":0,"56":0,"57":0,"58":0,"59":0,"60":0,"61":0,"62":0,"63":0,"64":0,"65":0,"66":0,"67":0,"68":0,"69":0,"70":0,"71":0,"72":0,"73":0,"74":0,"75":0,"76":0,"77":0,"78":0,"79":0,"80":0,"81":0,"82":0,"83":0,"84":0,"85":0,"86":0,"87":0,"88":0,"89":0,"90":0,"91":0,"92":0,"93":0,"94":0,"95":0,"96":0,"97":0,"98":0,"99":0,"100":0,"101":0,"102":0,"103":0,"104":0,"105":0,"106":0,"107":0,"108":0,"109":0,"110":0,"111":0,"112":0,"113":0,"114":0,"115":0,"116":0,"117":0,"118":0,"119":0,"120":0,"121":0,"122":0,"123":0,"124":0,"125":0,"126":0,"127":0,"128":0,"129":0,"130":0,"131":0,"132":0,"133":0,"134":0,"135":0,"136":0,"137":0,"138":0,"139":0,"140":0,"141":0,"142":0,"143":0,"144":0,"145":0,"146":0,"147":0,"148":0,"149":0,"150":0,"151":0,"152":0,"153":0,"154":1},"f":{"0":1,"1":1,"2":1,"3":0,"4":0,"5":0,"6":0,"7":0,"8":0,"9":0,"10":0,"11":0,"12":0,"13":0,"14":0,"15":0,"16":0,"17":0,"18":0,"19":0,"20":0,"21":0,"22":0,"23":0,"24":0,"25":0,"26":0,"27":0,"28":0,"29":0},"b":{"0":[0,0],"1":[0,0],"2":[0,0],"3":[0,0],"4":[0,0],"5":[0,0],"6":[0,0],"7":[0,0],"8":[0,0],"9":[0,0],"10":[0,0],"11":[0,0],"12":[0,0],"13":[0,0],"14":[0,0],"15":[0,0]},"_coverageSchema":"1a1c01bbd47fc00a2c39e90264f33305004495a9","hash":"3895755f27d135f847f92341878928e5591cd057"}
}
