TN:
SF:js/functions.js
FN:3,getData
FN:4,(anonymous_1)
FN:7,(anonymous_2)
FN:8,(anonymous_3)
FN:15,postData
FN:16,(anonymous_5)
FN:20,(anonymous_6)
FN:21,(anonymous_7)
FN:28,buildIndex
FN:49,buildProductPage
FN:69,(anonymous_10)
FN:80,(anonymous_11)
FN:91,submitOrder
FN:95,orderConfirmation
FN:111,Product
FN:131,(anonymous_15)
FN:144,(anonymous_16)
FN:171,(anonymous_17)
FN:177,(anonymous_18)
FN:195,(anonymous_19)
FN:213,(anonymous_20)
FN:229,(anonymous_21)
FN:245,(anonymous_22)
FN:257,CartProduct
FN:265,(anonymous_24)
FN:275,(anonymous_25)
FN:286,(anonymous_26)
FN:294,(anonymous_27)
FN:302,(anonymous_28)
FN:336,(anonymous_29)
FN:356,(anonymous_30)
FN:393,(anonymous_31)
FN:405,(anonymous_32)
FN:429,(anonymous_33)
FN:437,addToCart
FN:465,cartNotifications
FN:485,displayButton
FN:503,validateInputs
FN:513,isValid
FN:519,(anonymous_39)
FN:526,(anonymous_40)
FN:533,(anonymous_41)
FN:540,(anonymous_42)
FN:547,(anonymous_43)
FNF:44
FNH:3
FNDA:1,getData
FNDA:1,(anonymous_1)
FNDA:1,(anonymous_2)
FNDA:0,(anonymous_3)
FNDA:0,postData
FNDA:0,(anonymous_5)
FNDA:0,(anonymous_6)
FNDA:0,(anonymous_7)
FNDA:0,buildIndex
FNDA:0,buildProductPage
FNDA:0,(anonymous_10)
FNDA:0,(anonymous_11)
FNDA:0,submitOrder
FNDA:0,orderConfirmation
FNDA:0,Product
FNDA:0,(anonymous_15)
FNDA:0,(anonymous_16)
FNDA:0,(anonymous_17)
FNDA:0,(anonymous_18)
FNDA:0,(anonymous_19)
FNDA:0,(anonymous_20)
FNDA:0,(anonymous_21)
FNDA:0,(anonymous_22)
FNDA:0,CartProduct
FNDA:0,(anonymous_24)
FNDA:0,(anonymous_25)
FNDA:0,(anonymous_26)
FNDA:0,(anonymous_27)
FNDA:0,(anonymous_28)
FNDA:0,(anonymous_29)
FNDA:0,(anonymous_30)
FNDA:0,(anonymous_31)
FNDA:0,(anonymous_32)
FNDA:0,(anonymous_33)
FNDA:0,addToCart
FNDA:0,cartNotifications
FNDA:0,displayButton
FNDA:0,validateInputs
FNDA:0,isValid
FNDA:0,(anonymous_39)
FNDA:0,(anonymous_40)
FNDA:0,(anonymous_41)
FNDA:0,(anonymous_42)
FNDA:0,(anonymous_43)
DA:4,1
DA:5,1
DA:6,1
DA:7,1
DA:8,1
DA:9,1
DA:16,0
DA:17,0
DA:18,0
DA:19,0
DA:20,0
DA:21,0
DA:22,0
DA:29,0
DA:30,0
DA:31,0
DA:32,0
DA:34,0
DA:35,0
DA:36,0
DA:37,0
DA:38,0
DA:39,0
DA:41,0
DA:43,0
DA:50,0
DA:51,0
DA:54,0
DA:56,0
DA:57,0
DA:58,0
DA:59,0
DA:60,0
DA:61,0
DA:64,0
DA:67,0
DA:69,0
DA:72,0
DA:75,0
DA:77,0
DA:78,0
DA:79,0
DA:80,0
DA:81,0
DA:85,0
DA:92,0
DA:93,0
DA:96,0
DA:97,0
DA:100,0
DA:101,0
DA:104,0
DA:112,0
DA:113,0
DA:114,0
DA:115,0
DA:116,0
DA:117,0
DA:120,0
DA:121,0
DA:122,0
DA:123,0
DA:126,0
DA:127,0
DA:128,0
DA:129,0
DA:131,0
DA:133,0
DA:134,0
DA:135,0
DA:139,0
DA:140,0
DA:141,0
DA:144,0
DA:145,0
DA:148,0
DA:149,0
DA:150,0
DA:153,0
DA:154,0
DA:155,0
DA:157,0
DA:159,0
DA:160,0
DA:161,0
DA:164,0
DA:165,0
DA:166,0
DA:171,0
DA:173,0
DA:174,0
DA:177,0
DA:178,0
DA:180,0
DA:181,0
DA:182,0
DA:183,0
DA:185,0
DA:187,0
DA:188,0
DA:189,0
DA:190,0
DA:195,0
DA:196,0
DA:198,0
DA:199,0
DA:200,0
DA:201,0
DA:203,0
DA:205,0
DA:206,0
DA:207,0
DA:208,0
DA:213,0
DA:214,0
DA:216,0
DA:217,0
DA:218,0
DA:219,0
DA:221,0
DA:223,0
DA:224,0
DA:229,0
DA:230,0
DA:231,0
DA:233,0
DA:234,0
DA:236,0
DA:239,0
DA:240,0
DA:241,0
DA:245,0
DA:247,0
DA:248,0
DA:249,0
DA:250,0
DA:251,0
DA:258,0
DA:259,0
DA:260,0
DA:261,0
DA:262,0
DA:265,0
DA:267,0
DA:268,0
DA:271,0
DA:272,0
DA:275,0
DA:277,0
DA:278,0
DA:279,0
DA:281,0
DA:282,0
DA:283,0
DA:286,0
DA:288,0
DA:289,0
DA:290,0
DA:291,0
DA:294,0
DA:296,0
DA:297,0
DA:298,0
DA:299,0
DA:302,0
DA:305,0
DA:306,0
DA:307,0
DA:310,0
DA:311,0
DA:312,0
DA:313,0
DA:315,0
DA:316,0
DA:317,0
DA:320,0
DA:321,0
DA:322,0
DA:323,0
DA:324,0
DA:327,0
DA:328,0
DA:329,0
DA:330,0
DA:331,0
DA:336,0
DA:337,0
DA:338,0
DA:340,0
DA:342,0
DA:343,0
DA:344,0
DA:345,0
DA:347,0
DA:348,0
DA:351,0
DA:356,0
DA:357,0
DA:358,0
DA:360,0
DA:361,0
DA:363,0
DA:365,0
DA:368,0
DA:369,0
DA:373,0
DA:374,0
DA:376,0
DA:379,0
DA:380,0
DA:381,0
DA:383,0
DA:384,0
DA:393,0
DA:395,0
DA:396,0
DA:397,0
DA:399,0
DA:400,0
DA:401,0
DA:402,0
DA:405,0
DA:407,0
DA:408,0
DA:411,0
DA:414,0
DA:417,0
DA:418,0
DA:422,0
DA:423,0
DA:425,0
DA:429,0
DA:430,0
DA:438,0
DA:439,0
DA:440,0
DA:441,0
DA:443,0
DA:444,0
DA:445,0
DA:447,0
DA:448,0
DA:449,0
DA:450,0
DA:451,0
DA:454,0
DA:455,0
DA:457,0
DA:458,0
DA:467,0
DA:469,0
DA:471,0
DA:472,0
DA:473,0
DA:475,0
DA:476,0
DA:478,0
DA:487,0
DA:488,0
DA:489,0
DA:490,0
DA:491,0
DA:493,0
DA:494,0
DA:495,0
DA:496,0
DA:497,0
DA:506,0
DA:507,0
DA:508,0
DA:509,0
DA:510,0
DA:514,0
DA:519,0
DA:520,0
DA:521,0
DA:522,0
DA:526,0
DA:527,0
DA:528,0
DA:529,0
DA:533,0
DA:534,0
DA:535,0
DA:536,0
DA:540,0
DA:541,0
DA:542,0
DA:543,0
DA:547,0
DA:548,0
DA:549,0
DA:550,0
DA:556,1
LF:294
LH:7
BRDA:145,0,0,0
BRDA:145,0,1,0
BRDA:157,1,0,0
BRDA:157,1,1,0
BRDA:178,2,0,0
BRDA:178,2,1,0
BRDA:185,3,0,0
BRDA:185,3,1,0
BRDA:196,4,0,0
BRDA:196,4,1,0
BRDA:203,5,0,0
BRDA:203,5,1,0
BRDA:214,6,0,0
BRDA:214,6,1,0
BRDA:221,7,0,0
BRDA:221,7,1,0
BRDA:233,8,0,0
BRDA:233,8,1,0
BRDA:340,9,0,0
BRDA:340,9,1,0
BRDA:340,10,0,0
BRDA:340,10,1,0
BRDA:363,11,0,0
BRDA:363,11,1,0
BRDA:368,12,0,0
BRDA:368,12,1,0
BRDA:379,13,0,0
BRDA:379,13,1,0
BRDA:417,14,0,0
BRDA:417,14,1,0
BRDA:438,15,0,0
BRDA:438,15,1,0
BRDA:447,16,0,0
BRDA:447,16,1,0
BRDA:471,17,0,0
BRDA:471,17,1,0
BRDA:472,18,0,0
BRDA:472,18,1,0
BRDA:487,19,0,0
BRDA:487,19,1,0
BRDA:520,20,0,0
BRDA:520,20,1,0
BRDA:527,21,0,0
BRDA:527,21,1,0
BRDA:534,22,0,0
BRDA:534,22,1,0
BRDA:541,23,0,0
BRDA:541,23,1,0
BRDA:548,24,0,0
BRDA:548,24,1,0
BRF:50
BRH:0
end_of_record
