TN:
SF:js/functions.js
FN:3,getData
FN:4,(anonymous_1)
FN:7,(anonymous_2)
FN:8,(anonymous_3)
FN:15,postData
FN:16,(anonymous_5)
FN:20,(anonymous_6)
FN:21,(anonymous_7)
FN:28,buildIndex
FN:49,buildProductPage
FN:69,(anonymous_10)
FN:80,(anonymous_11)
FN:91,submitOrder
FN:95,orderConfirmation
FN:110,addArticle
FN:111,(anonymous_15)
FN:132,subtractArticle
FN:133,(anonymous_17)
FN:167,deleteArticle
FN:169,(anonymous_19)
FN:195,addToCart
FN:223,cartNotifications
FN:243,displayButton
FN:261,validateInputs
FN:271,isValid
FN:277,(anonymous_25)
FN:284,(anonymous_26)
FN:291,(anonymous_27)
FN:298,(anonymous_28)
FN:305,(anonymous_29)
FNF:30
FNH:3
FNDA:1,getData
FNDA:1,(anonymous_1)
FNDA:1,(anonymous_2)
FNDA:0,(anonymous_3)
FNDA:0,postData
FNDA:0,(anonymous_5)
FNDA:0,(anonymous_6)
FNDA:0,(anonymous_7)
FNDA:0,buildIndex
FNDA:0,buildProductPage
FNDA:0,(anonymous_10)
FNDA:0,(anonymous_11)
FNDA:0,submitOrder
FNDA:0,orderConfirmation
FNDA:0,addArticle
FNDA:0,(anonymous_15)
FNDA:0,subtractArticle
FNDA:0,(anonymous_17)
FNDA:0,deleteArticle
FNDA:0,(anonymous_19)
FNDA:0,addToCart
FNDA:0,cartNotifications
FNDA:0,displayButton
FNDA:0,validateInputs
FNDA:0,isValid
FNDA:0,(anonymous_25)
FNDA:0,(anonymous_26)
FNDA:0,(anonymous_27)
FNDA:0,(anonymous_28)
FNDA:0,(anonymous_29)
DA:4,1
DA:5,1
DA:6,1
DA:7,1
DA:8,1
DA:9,1
DA:16,0
DA:17,0
DA:18,0
DA:19,0
DA:20,0
DA:21,0
DA:22,0
DA:29,0
DA:30,0
DA:31,0
DA:32,0
DA:34,0
DA:35,0
DA:36,0
DA:37,0
DA:38,0
DA:39,0
DA:41,0
DA:43,0
DA:50,0
DA:51,0
DA:54,0
DA:56,0
DA:57,0
DA:58,0
DA:59,0
DA:60,0
DA:61,0
DA:64,0
DA:67,0
DA:69,0
DA:72,0
DA:75,0
DA:77,0
DA:78,0
DA:79,0
DA:80,0
DA:81,0
DA:85,0
DA:92,0
DA:93,0
DA:96,0
DA:97,0
DA:100,0
DA:101,0
DA:104,0
DA:111,0
DA:112,0
DA:113,0
DA:115,0
DA:117,0
DA:118,0
DA:119,0
DA:120,0
DA:122,0
DA:123,0
DA:126,0
DA:133,0
DA:134,0
DA:135,0
DA:137,0
DA:138,0
DA:140,0
DA:142,0
DA:145,0
DA:146,0
DA:150,0
DA:151,0
DA:153,0
DA:156,0
DA:157,0
DA:158,0
DA:160,0
DA:161,0
DA:169,0
DA:171,0
DA:172,0
DA:175,0
DA:178,0
DA:181,0
DA:182,0
DA:186,0
DA:187,0
DA:189,0
DA:196,0
DA:197,0
DA:198,0
DA:199,0
DA:201,0
DA:202,0
DA:203,0
DA:205,0
DA:206,0
DA:207,0
DA:208,0
DA:209,0
DA:212,0
DA:213,0
DA:215,0
DA:216,0
DA:225,0
DA:227,0
DA:229,0
DA:230,0
DA:231,0
DA:233,0
DA:234,0
DA:236,0
DA:245,0
DA:246,0
DA:247,0
DA:248,0
DA:249,0
DA:251,0
DA:252,0
DA:253,0
DA:254,0
DA:255,0
DA:264,0
DA:265,0
DA:266,0
DA:267,0
DA:268,0
DA:272,0
DA:277,0
DA:278,0
DA:279,0
DA:280,0
DA:284,0
DA:285,0
DA:286,0
DA:287,0
DA:291,0
DA:292,0
DA:293,0
DA:294,0
DA:298,0
DA:299,0
DA:300,0
DA:301,0
DA:305,0
DA:306,0
DA:307,0
DA:308,0
DA:314,1
LF:151
LH:7
BRDA:115,0,0,0
BRDA:115,0,1,0
BRDA:115,1,0,0
BRDA:115,1,1,0
BRDA:140,2,0,0
BRDA:140,2,1,0
BRDA:145,3,0,0
BRDA:145,3,1,0
BRDA:156,4,0,0
BRDA:156,4,1,0
BRDA:181,5,0,0
BRDA:181,5,1,0
BRDA:196,6,0,0
BRDA:196,6,1,0
BRDA:205,7,0,0
BRDA:205,7,1,0
BRDA:229,8,0,0
BRDA:229,8,1,0
BRDA:230,9,0,0
BRDA:230,9,1,0
BRDA:245,10,0,0
BRDA:245,10,1,0
BRDA:278,11,0,0
BRDA:278,11,1,0
BRDA:285,12,0,0
BRDA:285,12,1,0
BRDA:292,13,0,0
BRDA:292,13,1,0
BRDA:299,14,0,0
BRDA:299,14,1,0
BRDA:306,15,0,0
BRDA:306,15,1,0
BRF:32
BRH:0
end_of_record
